"../../../Engine/Content/EditorBlueprintResources/StandardMacros.uasset" 0
"../../../Engine/Content/EngineDamageTypes/DmgTypeBP_Environmental.uasset" 1
"../../../../../../Users/h016882e/Documents/GitHub/TanksALot/Content/Blueprints/GameModes/DeathMatchGameState.uasset" 2
"../../../../../../Users/h016882e/Documents/GitHub/TanksALot/Content/Blueprints/PlayerSpawnPoint.uasset" 3
"../../../../../../Users/h016882e/Documents/GitHub/TanksALot/Content/CustomScripts/Structs/PlayerInfo.uasset" 4
"../../../../../../Users/h016882e/Documents/GitHub/TanksALot/Content/Blueprints/Tank/I_CharacterInterface.uasset" 5
"../../../../../../Users/h016882e/Documents/GitHub/TanksALot/Content/CustomScripts/Structs/GamemodeInfo.uasset" 6
"../../../../../../Users/h016882e/Documents/GitHub/TanksALot/Content/CustomScripts/Interfaces/I_Gamemode.uasset" 7
"../../../../../../Users/h016882e/Documents/GitHub/TanksALot/Content/CustomScripts/Interfaces/I_Instance.uasset" 8
"../../../../../../Users/h016882e/Documents/GitHub/TanksALot/Content/CustomScripts/Interfaces/I_Message.uasset" 9
"../../../../../../Users/h016882e/Documents/GitHub/TanksALot/Content/CustomScripts/LevelCamera.uasset" 10
"../../../../../../Users/h016882e/Documents/GitHub/TanksALot/Content/CustomScripts/LevelCameraMoveable.uasset" 11
"../../../../../../Users/h016882e/Documents/GitHub/TanksALot/Content/CustomScripts/Managers/CameraManager.uasset" 12
"../../../../../../Users/h016882e/Documents/GitHub/TanksALot/Content/CustomScripts/Interfaces/I_Score.uasset" 13
"../../../../../../Users/h016882e/Documents/GitHub/TanksALot/Content/CustomScripts/UI/GameEndButtons.uasset" 14
"../../../../../../Users/h016882e/Documents/GitHub/TanksALot/Content/CustomScripts/UI/GameStartCountDown.uasset" 15
"../../../../../../Users/h016882e/Documents/GitHub/TanksALot/Content/CustomScripts/UI/ScoreInfoWidget.uasset" 16
"../../../../../../Users/h016882e/Documents/GitHub/TanksALot/Content/CustomScripts/UI/Dm_UI.uasset" 17
"../../../../../../Users/h016882e/Documents/GitHub/TanksALot/Content/CustomScripts/Managers/ScoreManager.uasset" 18
"../../../../../../Users/h016882e/Documents/GitHub/TanksALot/Content/Blueprints/GameModes/TanksALotGameModeBase.uasset" 19
"../../../../../../Users/h016882e/Documents/GitHub/TanksALot/Content/Blueprints/GameModes/DeathMatchGameMode.uasset" 20
"../../../../../../Users/h016882e/Documents/GitHub/TanksALot/Content/Blueprints/Tank/PlayerController/PC_TankController.uasset" 21
"../../../../../../Users/h016882e/Documents/GitHub/TanksALot/Content/Blueprints/CaptureTheFlagBPs/CaptureArea.uasset" 22
"../../../../../../Users/h016882e/Documents/GitHub/TanksALot/Content/Blueprints/CaptureTheFlagBPs/FlagSpawner.uasset" 23
"../../../../../../Users/h016882e/Documents/GitHub/TanksALot/Content/Blueprints/CaptureTheFlagBPs/Flag.uasset" 24
"../../../../../../Users/h016882e/Documents/GitHub/TanksALot/Content/Blueprints/Tank/Projectiles/M_SimpleProjectile.uasset" 25
"../../../Engine/Content/Functions/Engine_MaterialFunctions01/Opacity/CameraDepthFade.uasset" 26
"../../../Engine/Content/EngineMaterials/T_Default_Material_Grid_M.uasset" 27
"../../../Engine/Content/EngineMaterials/T_Default_Material_Grid_N.uasset" 28
"../../../Engine/Content/EngineMaterials/WorldGridMaterial.uasset" 29
"../../../Engine/Content/BasicShapes/Cube.uasset" 30
"../../../../../../Users/h016882e/Documents/GitHub/TanksALot/Content/Blueprints/Tank/Projectiles/BP_ProjectileBase.uasset" 31
"../../../../../../Users/h016882e/Documents/GitHub/TanksALot/Content/Blueprints/PickUps/I_SplitShot.uasset" 32
"../../../../../../Users/h016882e/Documents/GitHub/TanksALot/Content/CustomAssets/Meshes/StaticMeshes/Vehicles/Tanks/Tank_Panther/Elements.uasset" 33
"../../../../../../Users/h016882e/Documents/GitHub/TanksALot/Content/CustomAssets/Meshes/StaticMeshes/Vehicles/Tanks/Tank_Panther/Turret.uasset" 34
"../../../../../../Users/h016882e/Documents/GitHub/TanksALot/Content/CustomAssets/Meshes/StaticMeshes/Vehicles/Tanks/Tank_Panther/PantherLow_PantherTurret.uasset" 35
"../../../../../../Users/h016882e/Documents/GitHub/TanksALot/Content/Blueprints/Tank/BP_Turret.uasset" 36
"../../../../../../Users/h016882e/Documents/GitHub/TanksALot/Content/Blueprints/Tank/Projectiles/BP_ProjectileSimple.uasset" 37
"../../../../../../Users/h016882e/Documents/GitHub/TanksALot/Content/Blueprints/Tank/Projectiles/BP_ProjectileLazor.uasset" 38
"../../../../../../Users/h016882e/Documents/GitHub/TanksALot/Content/Blueprints/Tank/Projectiles/BP_ProjectileSplitShot.uasset" 39
"../../../Engine/Content/BasicShapes/BasicShapeMaterial.uasset" 40
"../../../Engine/Content/EditorMaterials/WidgetGridVertexColorMaterial.uasset" 41
"../../../Engine/Content/VREditor/LaserPointer/VR_LaserPower_01.uasset" 42
"../../../../../../Users/h016882e/Documents/GitHub/TanksALot/Content/CustomAssets/Materials/Barrier/M_Barrier.uasset" 43
"../../../Engine/Content/EngineMaterials/DefaultMaterial.uasset" 44
"../../../Engine/Content/BasicShapes/Sphere.uasset" 45
"../../../../../../Users/h016882e/Documents/GitHub/TanksALot/Content/CustomAssets/Meshes/StaticMeshes/Vehicles/Tanks/Tank_Panther/Body.uasset" 46
"../../../../../../Users/h016882e/Documents/GitHub/TanksALot/Content/CustomAssets/Meshes/StaticMeshes/Vehicles/Tanks/Tank_Panther/Light.uasset" 47
"../../../../../../Users/h016882e/Documents/GitHub/TanksALot/Content/CustomAssets/Meshes/StaticMeshes/Vehicles/Tanks/Tank_Panther/Treads.uasset" 48
"../../../../../../Users/h016882e/Documents/GitHub/TanksALot/Content/CustomAssets/Meshes/StaticMeshes/Vehicles/Tanks/Tank_Panther/PantherLow_TankBody.uasset" 49
"../../../../../../Users/h016882e/Documents/GitHub/TanksALot/Content/CustomAssets/Meshes/StaticMeshes/Vehicles/Tanks/Tank_Panther/Wheels.uasset" 50
"../../../../../../Users/h016882e/Documents/GitHub/TanksALot/Content/CustomAssets/Meshes/StaticMeshes/Vehicles/Tanks/Tank_Panther/PantherLow_Wheel.uasset" 51
"../../../../../../Users/h016882e/Documents/GitHub/TanksALot/Content/CustomScripts/UI/HealthBar.uasset" 52
"../../../../../../Users/h016882e/Documents/GitHub/TanksALot/Content/Blueprints/Tank/BP_Tank.uasset" 53
"../../../../../../Users/h016882e/Documents/GitHub/TanksALot/Content/CustomAssets/Materials/Colours/M_GlowingWhite.uasset" 54
"../../../../../../Users/h016882e/Documents/GitHub/TanksALot/Content/Blueprints/PickUps/PickUpBase.uasset" 55
"../../../../../../Users/h016882e/Documents/GitHub/TanksALot/Content/Blueprints/PickUps/PowerUps/PowerUpBase.uasset" 56
"../../../../../../Users/h016882e/Documents/GitHub/TanksALot/Content/Blueprints/PickUps/PowerUps/PowerUpDamage.uasset" 57
"../../../../../../Users/h016882e/Documents/GitHub/TanksALot/Content/Blueprints/PickUps/PowerUps/PowerUpRepair.uasset" 58
"../../../../../../Users/h016882e/Documents/GitHub/TanksALot/Content/Blueprints/PickUps/PowerUps/PowerUpSpeed.uasset" 59
"../../../Engine/Content/BasicShapes/Cylinder.uasset" 60
"../../../../../../Users/h016882e/Documents/GitHub/TanksALot/Content/CustomAssets/Materials/Vehicles/Tanks/Tank_Abrams/M_Tank_Abrams_Base.uasset" 61
"../../../../../../Users/h016882e/Documents/GitHub/TanksALot/Content/CustomAssets/Materials/Vehicles/Tanks/Tank_Abrams/M_Tank_Abrams_Trim.uasset" 62
"../../../../../../Users/h016882e/Documents/GitHub/TanksALot/Content/CustomAssets/Meshes/StaticMeshes/Vehicles/Tanks/Tank_Abrams/SM_Tank_Abrams_Gun.uasset" 63
"../../../../../../Users/h016882e/Documents/GitHub/TanksALot/Content/CustomAssets/Materials/Vehicles/Tanks/Tank_Abrams/M_Tank_Abrams_Highlight.uasset" 64
"../../../../../../Users/h016882e/Documents/GitHub/TanksALot/Content/CustomAssets/Meshes/StaticMeshes/Vehicles/Tanks/Tank_Abrams/SM_Tank_Abrams_Turret.uasset" 65
"../../../../../../Users/h016882e/Documents/GitHub/TanksALot/Content/Blueprints/Tank/BP_Tank_Scaled.uasset" 66
"../../../../../../Users/h016882e/Documents/GitHub/TanksALot/Content/Blueprints/Tank/HurtBox.uasset" 67
"../../../../../../Users/h016882e/Documents/GitHub/TanksALot/Content/Blueprints/Tank/Test.uasset" 68
"../../../../../../Users/h016882e/Documents/GitHub/TanksALot/Content/Blueprints/Tank/Loadouts/Standard/Tank_Loadout_Standard.uasset" 69
"../../../../../../Users/h016882e/Documents/GitHub/TanksALot/Content/Blueprints/Tank/Loadouts/Standard/Turret_Loadout_Standard.uasset" 70
"../../../../../../Users/h016882e/Documents/GitHub/TanksALot/Content/Blueprints/Tank/Projectiles/BP_ProjectileHoming.uasset" 71
"../../../../../../Users/h016882e/Documents/GitHub/TanksALot/Content/CustomAssets/Materials/Blackhole/M_Black.uasset" 72
"../../../../../../Users/h016882e/Documents/GitHub/TanksALot/Content/CustomAssets/Materials/Blackhole/M_Black_Inst.uasset" 73
"../../../../../../Users/h016882e/Documents/GitHub/TanksALot/Content/CustomAssets/Textures/Cards/T_Cards_D.uasset" 74
"../../../../../../Users/h016882e/Documents/GitHub/TanksALot/Content/CustomAssets/Textures/Cards/T_Cards_N.uasset" 75
"../../../../../../Users/h016882e/Documents/GitHub/TanksALot/Content/CustomAssets/Materials/Cards/M_Card.uasset" 76
"../../../../../../Users/h016882e/Documents/GitHub/TanksALot/Content/CustomAssets/Textures/DinoActionFigure/T_DinoActionFigureBaseColour.uasset" 77
"../../../../../../Users/h016882e/Documents/GitHub/TanksALot/Content/CustomAssets/Textures/DinoActionFigure/T_DinoActionFigureNormal.uasset" 78
"../../../../../../Users/h016882e/Documents/GitHub/TanksALot/Content/CustomAssets/Textures/DinoActionFigure/T_DinoActionFigureRoughtness.uasset" 79
"../../../../../../Users/h016882e/Documents/GitHub/TanksALot/Content/CustomAssets/Materials/DinoActionFigure/M_DinoActionFigure.uasset" 80
"../../../../../../Users/h016882e/Documents/GitHub/TanksALot/Content/CustomAssets/Materials/PoliceStation/M_PoliceStation_White_00.uasset" 81
"../../../../../../Users/h016882e/Documents/GitHub/TanksALot/Content/CustomAssets/Materials/Surfaces/Plastic/M_Plastic.uasset" 82
"../../../../../../Users/h016882e/Documents/GitHub/TanksALot/Content/CustomAssets/Materials/Surfaces/Plastic/MI_Plastic_0.uasset" 83
"../../../../../../Users/h016882e/Documents/GitHub/TanksALot/Content/CustomAssets/Textures/Wood/T_Wood_D.uasset" 84
"../../../../../../Users/h016882e/Documents/GitHub/TanksALot/Content/CustomAssets/Textures/Wood/T_Wood_R.uasset" 85
"../../../../../../Users/h016882e/Documents/GitHub/TanksALot/Content/CustomAssets/Materials/Surfaces/Wood/M_Wood_01.uasset" 86
"../../../../../../Users/h016882e/Documents/GitHub/TanksALot/Content/CustomAssets/Meshes/SkeletalMeshes/Vehicles/Tanks/Tank_Abrams/SK_Abrams.uasset" 87
"../../../../../../Users/h016882e/Documents/GitHub/TanksALot/Content/CustomAssets/Meshes/SkeletalMeshes/Vehicles/Tanks/Tank_Abrams/SK_Abrams_Skeleton.uasset" 88
"../../../../../../Users/h016882e/Documents/GitHub/TanksALot/Content/CustomAssets/Meshes/StaticMeshes/Environment/Toys/Cards/S_Card_01.uasset" 89
"../../../../../../Users/h016882e/Documents/GitHub/TanksALot/Content/CustomAssets/Meshes/StaticMeshes/Environment/Toys/Cards/S_Card_02.uasset" 90
"../../../../../../Users/h016882e/Documents/GitHub/TanksALot/Content/CustomAssets/Meshes/StaticMeshes/Environment/Toys/Cards/S_Card_03.uasset" 91
"../../../../../../Users/h016882e/Documents/GitHub/TanksALot/Content/CustomAssets/Meshes/StaticMeshes/Environment/Toys/RubiksCube/SM_RubiksCube_01.uasset" 92
"../../../../../../Users/h016882e/Documents/GitHub/TanksALot/Content/CustomAssets/Meshes/StaticMeshes/Environment/Toys/TrainTracks/SM_Track.uasset" 93
"../../../../../../Users/h016882e/Documents/GitHub/TanksALot/Content/CustomAssets/Meshes/StaticMeshes/Environment/Toys/TrainTracks/SM_Track_Bridge.uasset" 94
"../../../../../../Users/h016882e/Documents/GitHub/TanksALot/Content/CustomAssets/Meshes/StaticMeshes/Environment/Toys/TrainTracks/SM_Track_Turn.uasset" 95
"../../../../../../Users/h016882e/Documents/GitHub/TanksALot/Content/CustomAssets/Meshes/StaticMeshes/Gameplay/Flags/SM_Flag.uasset" 96
"../../../../../../Users/h016882e/Documents/GitHub/TanksALot/Content/CustomAssets/Meshes/StaticMeshes/Test/TestBox.uasset" 97
"../../../../../../Users/h016882e/Documents/GitHub/TanksALot/Content/CustomAssets/Meshes/StaticMeshes/Vehicles/Tanks/Tank_Panther/SM_Tank_Panther.uasset" 98
"../../../../../../Users/h016882e/Documents/GitHub/TanksALot/Content/CustomAssets/PhysicsAssets/Vehicles/test.uasset" 99
"../../../../../../Users/h016882e/Documents/GitHub/TanksALot/Content/CustomAssets/PhysicsAssets/Vehicles/Tanks/Tank_Abrams/PA_Tank_Abrams.uasset" 100
"../../../../../../Users/h016882e/Documents/GitHub/TanksALot/Content/CustomAssets/Textures/Wood/T_Wood_Mat.uasset" 101
"../../../../../../Users/h016882e/Documents/GitHub/TanksALot/Content/CustomAssets/Widgets/Logo.uasset" 102
"../../../../../../Users/h016882e/Documents/GitHub/TanksALot/Content/CustomAssets/Widgets/Logo_Mat.uasset" 103
"../../../../../../Users/h016882e/Documents/GitHub/TanksALot/Content/CustomScripts/GI_Base.uasset" 104
"../../../../../../Users/h016882e/Documents/GitHub/TanksALot/Content/CustomScripts/LobbyMapFlyThrough.uasset" 105
"../../../../../../Users/h016882e/Documents/GitHub/TanksALot/Content/CustomScripts/Controllers/CameraController.uasset" 106
"../../../Engine/Content/ArtTools/RenderToTexture/Meshes/S_1_Unit_Plane.uasset" 107
"../../../Engine/Content/BasicShapes/Cone.uasset" 108
"../../../Engine/Content/EditorLandscapeResources/DataLayer.uasset" 109
"../../../Engine/Content/EditorMaterials/GizmoMaterial.uasset" 110
"../../../Engine/Content/EditorMaterials/MAT_Groups_Toggle.uasset" 111
"../../../Engine/Content/EditorMaterials/MAT_Groups_Visibility.uasset" 112
"../../../Engine/Content/EditorMaterials/PreviewShadowIndicator.uasset" 113
"../../../Engine/Content/EditorMaterials/PreviewShadowIndicatorMaterial.uasset" 114
"../../../Engine/Content/EditorMaterials/MatineeGroups/MAT_ColorTrack.uasset" 115
"../../../Engine/Content/EditorMaterials/MatineeGroups/MAT_Groups_Anim.uasset" 116
"../../../Engine/Content/EditorMaterials/MatineeGroups/MAT_Groups_AudioMaster.uasset" 117
"../../../Engine/Content/EditorMaterials/MatineeGroups/MAT_Groups_Director.uasset" 118
"../../../Engine/Content/EditorMaterials/MatineeGroups/MAT_Groups_Event.uasset" 119
"../../../Engine/Content/EditorMaterials/MatineeGroups/MAT_Groups_Fade.uasset" 120
"../../../Engine/Content/EditorMaterials/MatineeGroups/MAT_Groups_Float.uasset" 121
"../../../Engine/Content/EditorMaterials/MatineeGroups/MAT_Groups_Move.uasset" 122
"../../../Engine/Content/EditorMaterials/MatineeGroups/MAT_Groups_Slomo.uasset" 123
"../../../Engine/Content/EditorMaterials/MatineeGroups/MAT_Groups_Sound.uasset" 124
"../../../Engine/Content/EditorMaterials/MatineeGroups/MAT_Groups_Vector.uasset" 125
"../../../Engine/Content/EditorMaterials/ParticleSystems/PSysThumbnail_NoImage.uasset" 126
"../../../Engine/Content/EditorMaterials/ParticleSystems/PSysThumbnail_OOD.uasset" 127
"../../../Engine/Content/EditorMaterials/Camera/CineMat.uasset" 128
"../../../Engine/Content/EditorMaterials/Camera/MI_CineMat_Rig.uasset" 129
"../../../Engine/Content/EditorMeshes/Camera/SM_CraneRig_Arm.uasset" 130
"../../../Engine/Content/EditorMeshes/Camera/SM_CraneRig_Base.uasset" 131
"../../../Engine/Content/EditorMeshes/Camera/SM_CraneRig_Body.uasset" 132
"../../../Engine/Content/EditorMeshes/Camera/SM_CraneRig_Mount.uasset" 133
"../../../Engine/Content/EditorMeshes/Camera/SM_RailRig_Mount.uasset" 134
"../../../Engine/Content/EditorResources/BSPVertex.uasset" 135
"../../../Engine/Content/EditorResources/EmptyActor.uasset" 136
"../../../Engine/Content/EditorResources/S_Actor.uasset" 137
"../../../Engine/Content/EditorResources/S_Trigger.uasset" 138
"../../../Engine/Content/EditorResources/AudioIcons/S_AudioComponent_AutoActivate.uasset" 139
"../../../Engine/Content/EditorResources/LightIcons/S_LightError.uasset" 140
"../../../Engine/Content/EditorResources/SequenceRecorder/Countdown.uasset" 141
"../../../Engine/Content/EditorResources/SequenceRecorder/RecordingIndicator.uasset" 142
"../../../Engine/Content/EditorSounds/Notifications/CompileFailed.uasset" 143
"../../../Engine/Content/EditorSounds/Notifications/CompileFailed_Cue.uasset" 144
"../../../Engine/Content/EditorSounds/Notifications/CompileSuccess.uasset" 145
"../../../Engine/Content/EditorSounds/Notifications/CompileStart_Cue.uasset" 146
"../../../Engine/Content/EditorSounds/Notifications/CompileSuccess_Cue.uasset" 147
"../../../Engine/Content/EngineDebugMaterials/HeatmapGradient.uasset" 148
"../../../Engine/Content/EngineDebugMaterials/BoneWeightMaterial.uasset" 149
"../../../Engine/Content/EngineDebugMaterials/ClothMaterial.uasset" 150
"../../../Engine/Content/EngineDebugMaterials/ClothMaterial_WF.uasset" 151
"../../../Engine/Content/EngineDebugMaterials/DebugEditorMaterial.uasset" 152
"../../../Engine/Content/EngineDebugMaterials/DebugMeshMaterial.uasset" 153
"../../../Engine/Content/EngineDebugMaterials/GeomMaterial.uasset" 154
"../../../Engine/Content/EngineDebugMaterials/M_SimpleTranslucent.uasset" 155
"../../../Engine/Content/EngineFonts/Faces/RobotoBold.uasset" 156
"../../../Engine/Content/EngineFonts/Faces/RobotoBoldItalic.uasset" 157
"../../../Engine/Content/EngineFonts/Faces/RobotoItalic.uasset" 158
"../../../Engine/Content/EngineFonts/Faces/RobotoLight.uasset" 159
"../../../Engine/Content/EngineFonts/Faces/RobotoRegular.uasset" 160
"../../../Engine/Content/EngineFonts/Roboto.uasset" 161
"../../../Engine/Content/EngineFonts/Faces/RobotoTiny.uasset" 162
"../../../Engine/Content/EngineFonts/RobotoTiny.uasset" 163
"../../../Engine/Content/EngineMaterials/BaseFlattenDiffuseMap.uasset" 164
"../../../Engine/Content/EngineMaterials/BaseFlattenEmissiveMap.uasset" 165
"../../../Engine/Content/EngineMaterials/BaseFlattenGrayscaleMap.uasset" 166
"../../../Engine/Content/EngineMaterials/BaseFlattenNormalMap.uasset" 167
"../../../Engine/Content/EngineMaterials/BaseFlattenMaterial.uasset" 168
"../../../Engine/Content/EngineMaterials/DefaultBloomKernel.uasset" 169
"../../../Engine/Content/EngineMaterials/DefaultBokeh.uasset" 170
"../../../Engine/Content/EngineMaterials/DefaultDiffuse.uasset" 171
"../../../Engine/Content/EngineMaterials/DefaultDeferredDecalMaterial.uasset" 172
"../../../Engine/Content/EngineMaterials/DefaultLightFunctionMaterial.uasset" 173
"../../../Engine/Content/EngineMaterials/DefaultPhysicalMaterial.uasset" 174
"../../../Engine/Content/Functions/Engine_MaterialFunctions02/Utility/BreakOutFloat2Components.uasset" 175
"../../../Engine/Content/EngineMaterials/DefaultPostProcessMaterial.uasset" 176
"../../../Engine/Content/EngineFonts/RobotoDistanceField.uasset" 177
"../../../Engine/Content/EngineMaterials/DefaultTextMaterialOpaque.uasset" 178
"../../../Engine/Content/EngineMaterials/DefaultWhiteGrid.uasset" 179
"../../../Engine/Content/EngineMaterials/EditorBrushMaterial.uasset" 180
"../../../Engine/Content/EngineMaterials/Good64x64TilingNoiseHighFreq.uasset" 181
"../../../Engine/Content/EngineMaterials/MiniFont.uasset" 182
"../../../Engine/Content/EngineMaterials/InvalidLightmapSettings.uasset" 183
"../../../Engine/Content/EngineMaterials/M_InvalidLightmapSettings.uasset" 184
"../../../Engine/Content/Functions/Engine_MaterialFunctions02/WorldPositionOffset/CameraOffset.uasset" 185
"../../../Engine/Content/EngineMaterials/PhAT_JointLimitMaterial.uasset" 186
"../../../Engine/Content/EngineMaterials/PreintegratedSkinBRDF.uasset" 187
"../../../Engine/Content/EngineMaterials/RemoveSurfaceMaterial.uasset" 188
"../../../Engine/Content/EngineMaterials/WeightMapPlaceholderTexture.uasset" 189
"../../../Engine/Content/EngineResources/WhiteSquareTexture.uasset" 190
"../../../Engine/Content/EngineMaterials/Widget3DPassThrough.uasset" 191
"../../../Engine/Content/EngineMaterials/Widget3DPassThrough_Masked.uasset" 192
"../../../Engine/Content/EngineMaterials/Widget3DPassThrough_Opaque.uasset" 193
"../../../Engine/Content/EngineMaterials/Widget3DPassThrough_Masked_OneSided.uasset" 194
"../../../Engine/Content/EngineMaterials/Widget3DPassThrough_Opaque_OneSided.uasset" 195
"../../../Engine/Content/EngineMaterials/Widget3DPassThrough_Translucent.uasset" 196
"../../../Engine/Content/EngineMaterials/Widget3DPassThrough_Translucent_OneSided.uasset" 197
"../../../Engine/Content/EngineMeshes/Cylinder.uasset" 198
"../../../Engine/Content/EngineResources/Black.uasset" 199
"../../../Engine/Content/EngineResources/DefaultTexture.uasset" 200
"../../../Engine/Content/EngineResources/DefaultTextureCube.uasset" 201
"../../../Engine/Content/EngineResources/DefaultVolumeTexture2D.uasset" 202
"../../../Engine/Content/EngineResources/DefaultVolumeTexture.uasset" 203
"../../../Engine/Content/EngineResources/GradientTexture0.uasset" 204
"../../../Engine/Content/EngineSounds/Master.uasset" 205
"../../../Engine/Content/Functions/Engine_MaterialFunctions01/Shading/ConvertFromDiffSpec.uasset" 206
"../../../Engine/Content/Functions/Engine_MaterialFunctions01/Shading/PowerToRoughness.uasset" 207
"../../../Engine/Content/Maps/Templates/Thumbnails/Default.uasset" 208
"../../../Engine/Content/Maps/Templates/Thumbnails/VR-Basic.uasset" 209
"../../../Engine/Content/MobileResources/T_MobileControls_texture.uasset" 210
"../../../Engine/Content/MobileResources/T_MobileMenu2.uasset" 211
"../../../Engine/Content/MobileResources/HUD/AnalogHat.uasset" 212
"../../../Engine/Content/MobileResources/HUD/VirtualJoystick_Background.uasset" 213
"../../../Engine/Content/MobileResources/HUD/VirtualJoystick_Thumb.uasset" 214
"../../../Engine/Content/MobileResources/HUD/DefaultVirtualJoysticks.uasset" 215
"../../../Engine/Content/MobileResources/HUD/LeftVirtualJoystickOnly.uasset" 216
"../../../Engine/Content/MobileResources/HUD/MobileHUDButton1_off.uasset" 217
"../../../Engine/Content/MobileResources/HUD/MobileHUDButton1_on.uasset" 218
"../../../Engine/Content/MobileResources/HUD/MobileHUDButton2_off.uasset" 219
"../../../Engine/Content/MobileResources/HUD/MobileHUDButton2_on.uasset" 220
"../../../Engine/Content/MobileResources/HUD/MobileHUDButton3.uasset" 221
"../../../Engine/Content/MobileResources/HUD/MobileHUDButtonFire.uasset" 222
"../../../Engine/Content/MobileResources/HUD/MobileHUDDirectionPad.uasset" 223
"../../../Engine/Content/MobileResources/HUD/MobileHUDDirectionPad2.uasset" 224
"../../../Engine/Content/MobileResources/HUD/MobileHUDDirectionPad3.uasset" 225
"../../../Engine/Content/MobileResources/HUD/MobileHUDDirectionStick.uasset" 226
"../../../Engine/Content/MobileResources/HUD/T_Castle_ThumbstickInner.uasset" 227
"../../../Engine/Content/MobileResources/HUD/T_Castle_ThumbstickOutter.uasset" 228
"../../../Engine/Content/Tutorial/ContentIntroCurve.uasset" 229
"../../../Engine/Content/VREditor/TransformGizmo/TransformGizmoMaterial.uasset" 230
"../../../Engine/Content/VREditor/TransformGizmo/TranslucentTransformGizmoMaterial.uasset" 231
"../../../Engine/Content/VREditor/TransformGizmo/BoundingBoxCorner.uasset" 232
"../../../Engine/Content/VREditor/TransformGizmo/BoundingBoxEdge.uasset" 233
"../../../Engine/Content/VREditor/TransformGizmo/PlaneTranslationHandle.uasset" 234
"../../../Engine/Content/VREditor/TransformGizmo/Main.uasset" 235
"../../../Engine/Content/VREditor/TransformGizmo/Xray.uasset" 236
"../../../Engine/Content/VREditor/TransformGizmo/SM_Sequencer_Key.uasset" 237
"../../../Engine/Content/VREditor/TransformGizmo/SM_Sequencer_Node.uasset" 238
"../../Plugins/2D/Paper2D/Content/PlaceholderTextures/DummySpriteTexture.uasset" 239
"../../Plugins/2D/Paper2D/Content/DummySprite.uasset" 240
"../../Plugins/2D/Paper2D/Content/DefaultPaperTerrainMaterial.uasset" 241
"../../Plugins/2D/Paper2D/Content/DefaultSpriteMaterial.uasset" 242
"../../Plugins/2D/Paper2D/Content/MaskedUnlitSpriteMaterial.uasset" 243
"../../Plugins/2D/Paper2D/Content/OpaqueUnlitSpriteMaterial.uasset" 244
"../../Plugins/Runtime/Oculus/OculusVR/Content/Materials/PokeAHoleMaterial.uasset" 245
"../../Plugins/Runtime/Oculus/OculusVR/Content/Textures/GearVRController_AO.uasset" 246
"../../Plugins/Runtime/Oculus/OculusVR/Content/Textures/GearVRController_Color.uasset" 247
"../../Plugins/Runtime/Oculus/OculusVR/Content/Textures/GearVRController_Normal.uasset" 248
"../../Plugins/Runtime/Oculus/OculusVR/Content/Materials/GearVRControllerMaterial.uasset" 249
"../../Plugins/Runtime/Oculus/OculusVR/Content/Meshes/GearVrController.uasset" 250
"../../Plugins/Runtime/Oculus/OculusVR/Content/Textures/touchController_albedo.uasset" 251
"../../Plugins/Runtime/Oculus/OculusVR/Content/Textures/touchController_controlmap.uasset" 252
"../../Plugins/Runtime/Oculus/OculusVR/Content/Materials/touchController_mat.uasset" 253
"../../Plugins/Runtime/Oculus/OculusVR/Content/Meshes/LeftTouchController.uasset" 254
"../../Plugins/Runtime/Oculus/OculusVR/Content/Meshes/RiftHMD.uasset" 255
"../../Plugins/Runtime/Oculus/OculusVR/Content/Meshes/RightTouchController.uasset" 256
"../../../Engine/Content/EngineSky/C_Sky_Cloud_Color.uasset" 257
"../../../Engine/Content/EngineSky/C_Sky_Horizon_Color.uasset" 258
"../../../Engine/Content/EngineSky/C_Sky_Zenith_Color.uasset" 259
"../../../Engine/Content/EngineSky/T_Sky_Blue.uasset" 260
"../../../Engine/Content/EngineSky/T_Sky_Clouds_M.uasset" 261
"../../../Engine/Content/EngineSky/T_Sky_Stars.uasset" 262
"../../../Engine/Content/EngineSky/M_Sky_Panning_Clouds2.uasset" 263
"../../../Engine/Content/EngineSky/SM_SkySphere.uasset" 264
"../../../Engine/Content/EngineSky/BP_Sky_Sphere.uasset" 265
"../../../../../../Users/h016882e/Documents/GitHub/TanksALot/Content/Maps/Asset_Overview_BuiltData.uasset" 266
"../../../../../../Users/h016882e/Documents/GitHub/TanksALot/Content/CustomAssets/Materials/Crayon/M_Crayon_Blue.uasset" 267
"../../../../../../Users/h016882e/Documents/GitHub/TanksALot/Content/CustomAssets/Materials/Crayon/M_Crayon_Pink.uasset" 268
"../../../../../../Users/h016882e/Documents/GitHub/TanksALot/Content/CustomAssets/Textures/Crayon/T_Crayon_D.uasset" 269
"../../../../../../Users/h016882e/Documents/GitHub/TanksALot/Content/CustomAssets/Materials/Crayon/M_CrayonWrap_Pink.uasset" 270
"../../../../../../Users/h016882e/Documents/GitHub/TanksALot/Content/CustomAssets/Textures/DinoActionFigure/AlternateDiffuse/T_Dino_Alt_Citrus.uasset" 271
"../../../../../../Users/h016882e/Documents/GitHub/TanksALot/Content/CustomAssets/Materials/DinoActionFigure/M_Dino_Citrus.uasset" 272
"../../../../../../Users/h016882e/Documents/GitHub/TanksALot/Content/CustomAssets/Textures/DinoActionFigure/AlternateDiffuse/T_Dino_Alt_Dune.uasset" 273
"../../../../../../Users/h016882e/Documents/GitHub/TanksALot/Content/CustomAssets/Materials/DinoActionFigure/M_Dino_Dune.uasset" 274
"../../../../../../Users/h016882e/Documents/GitHub/TanksALot/Content/CustomAssets/Textures/DinoActionFigure/AlternateDiffuse/T_Dino_Alt_Gatr.uasset" 275
"../../../../../../Users/h016882e/Documents/GitHub/TanksALot/Content/CustomAssets/Materials/DinoActionFigure/M_Dino_Gatr.uasset" 276
"../../../../../../Users/h016882e/Documents/GitHub/TanksALot/Content/CustomAssets/Textures/DinoActionFigure/AlternateDiffuse/T_Dino_Alt_MetalHead.uasset" 277
"../../../../../../Users/h016882e/Documents/GitHub/TanksALot/Content/CustomAssets/Materials/DinoActionFigure/M_Dino_MetalHead.uasset" 278
"../../../../../../Users/h016882e/Documents/GitHub/TanksALot/Content/CustomAssets/Textures/DinoActionFigure/AlternateDiffuse/T_Dino_Alt_Rose.uasset" 279
"../../../../../../Users/h016882e/Documents/GitHub/TanksALot/Content/CustomAssets/Materials/DinoActionFigure/M_Dino_Rose.uasset" 280
"../../../../../../Users/h016882e/Documents/GitHub/TanksALot/Content/CustomAssets/Materials/Surfaces/Wood/M_Wood_0.uasset" 281
"../../../../../../Users/h016882e/Documents/GitHub/TanksALot/Content/CustomAssets/Materials/Surfaces/Wood/M_Wood_Blue.uasset" 282
"../../../../../../Users/h016882e/Documents/GitHub/TanksALot/Content/CustomAssets/Materials/Surfaces/Wood/M_Wood_Red.uasset" 283
"../../../../../../Users/h016882e/Documents/GitHub/TanksALot/Content/CustomAssets/Materials/Surfaces/Wood/M_Wood_Yellow.uasset" 284
"../../../../../../Users/h016882e/Documents/GitHub/TanksALot/Content/CustomAssets/Textures/TrainStation/T_TrainStation_d.uasset" 285
"../../../../../../Users/h016882e/Documents/GitHub/TanksALot/Content/CustomAssets/Materials/Vehicles/Train/M_Train_Station.uasset" 286
"../../../../../../Users/h016882e/Documents/GitHub/TanksALot/Content/CustomAssets/Materials/Crayon/M_CrayonWrap_Blue.uasset" 287
"../../../../../../Users/h016882e/Documents/GitHub/TanksALot/Content/CustomAssets/Materials/Surfaces/Wood/M_Wood_Green.uasset" 288
"../../../../../../Users/h016882e/Documents/GitHub/TanksALot/Content/CustomAssets/Textures/DinoActionFigure/T_Dino_Default.uasset" 289
"../../../../../../Users/h016882e/Documents/GitHub/TanksALot/Content/CustomAssets/Materials/DinoActionFigure/M_Dino_Default.uasset" 290
"../../../../../../Users/h016882e/Documents/GitHub/TanksALot/Content/CustomAssets/Meshes/StaticMeshes/Characters/DinoActionFigure/SM_DinoActionFigure.uasset" 291
"../../../../../../Users/h016882e/Documents/GitHub/TanksALot/Content/CustomAssets/Textures/Knight/T_Knight_Diffuse.uasset" 292
"../../../../../../Users/h016882e/Documents/GitHub/TanksALot/Content/CustomAssets/Textures/Knight/T_Knight_Normal.uasset" 293
"../../../../../../Users/h016882e/Documents/GitHub/TanksALot/Content/CustomAssets/Textures/Knight/T_Knight_Roughness.uasset" 294
"../../../../../../Users/h016882e/Documents/GitHub/TanksALot/Content/CustomAssets/Materials/Knight/M_Knight_Default.uasset" 295
"../../../../../../Users/h016882e/Documents/GitHub/TanksALot/Content/CustomAssets/Meshes/StaticMeshes/Characters/Knight/knight_lp.uasset" 296
"../../../../../../Users/h016882e/Documents/GitHub/TanksALot/Content/CustomAssets/Materials/PoliceStation/M_PoliceStation_Blue.uasset" 297
"../../../../../../Users/h016882e/Documents/GitHub/TanksALot/Content/CustomAssets/Materials/PoliceStation/M_PoliceStation_Grey.uasset" 298
"../../../../../../Users/h016882e/Documents/GitHub/TanksALot/Content/CustomAssets/Materials/PoliceStation/M_PoliceStation_Peach.uasset" 299
"../../../../../../Users/h016882e/Documents/GitHub/TanksALot/Content/CustomAssets/Meshes/StaticMeshes/Environment/Buildings/PoliceStation/SM_Station_Police.uasset" 300
"../../../../../../Users/h016882e/Documents/GitHub/TanksALot/Content/CustomAssets/Meshes/StaticMeshes/Environment/Buildings/TrainStation/SM_Station_Train.uasset" 301
"../../../../../../Users/h016882e/Documents/GitHub/TanksALot/Content/CustomAssets/Textures/Can/T_Coke_D.uasset" 302
"../../../../../../Users/h016882e/Documents/GitHub/TanksALot/Content/CustomAssets/Materials/Can/M_Can.uasset" 303
"../../../../../../Users/h016882e/Documents/GitHub/TanksALot/Content/CustomAssets/Materials/Surfaces/Metal/M_Metal.uasset" 304
"../../../../../../Users/h016882e/Documents/GitHub/TanksALot/Content/CustomAssets/Meshes/StaticMeshes/Environment/Cans/SM_Can_Coke.uasset" 305
"../../../../../../Users/h016882e/Documents/GitHub/TanksALot/Content/CustomAssets/Meshes/StaticMeshes/Environment/Toys/Blocks/SM_Block_00.uasset" 306
"../../../../../../Users/h016882e/Documents/GitHub/TanksALot/Content/CustomAssets/Meshes/StaticMeshes/Environment/Toys/Blocks/SM_Block_01.uasset" 307
"../../../../../../Users/h016882e/Documents/GitHub/TanksALot/Content/CustomAssets/Meshes/StaticMeshes/Environment/Toys/Blocks/SM_Block_02.uasset" 308
"../../../../../../Users/h016882e/Documents/GitHub/TanksALot/Content/CustomAssets/Meshes/StaticMeshes/Environment/Toys/Blocks/SM_Block_Bridge.uasset" 309
"../../../../../../Users/h016882e/Documents/GitHub/TanksALot/Content/CustomAssets/Meshes/StaticMeshes/Environment/Toys/Blocks/SM_Block_Cylinder.uasset" 310
"../../../../../../Users/h016882e/Documents/GitHub/TanksALot/Content/CustomAssets/Meshes/StaticMeshes/Environment/Toys/Blocks/SM_Block_Round.uasset" 311
"../../../../../../Users/h016882e/Documents/GitHub/TanksALot/Content/CustomAssets/Meshes/StaticMeshes/Environment/Toys/Blocks/SM_Block_Tri_00.uasset" 312
"../../../../../../Users/h016882e/Documents/GitHub/TanksALot/Content/CustomAssets/Meshes/StaticMeshes/Environment/Toys/Blocks/SM_Block_Tri_01.uasset" 313
"../../../../../../Users/h016882e/Documents/GitHub/TanksALot/Content/CustomAssets/Meshes/StaticMeshes/Environment/Toys/Blocks/SM_Block_Wedge.uasset" 314
"../../../../../../Users/h016882e/Documents/GitHub/TanksALot/Content/CustomAssets/Meshes/StaticMeshes/Environment/Toys/Crayons/SM_Crayon.uasset" 315
"../../../../../../Users/h016882e/Documents/GitHub/TanksALot/Content/CustomAssets/Materials/Colours/M_Orange.uasset" 316
"../../../../../../Users/h016882e/Documents/GitHub/TanksALot/Content/CustomAssets/Meshes/StaticMeshes/Environment/Toys/Lego/SM_Lego_4x2.uasset" 317
"../../../../../../Users/h016882e/Documents/GitHub/TanksALot/Content/Maps/Asset_Overview.umap" 318
"../../../../../../Users/h016882e/Documents/GitHub/TanksALot/Content/CustomAssets/Materials/PoliceStation/M_PoliceStation_White.uasset" 319
"../../../../../../Users/h016882e/Documents/GitHub/TanksALot/Content/CustomAssets/Meshes/StaticMeshes/Vehicles/Tanks/Test/SM_Tank_LowPoly.uasset" 320
"../../../../../../Users/h016882e/Documents/GitHub/TanksALot/Content/Blueprints/Tank/BP_TankTempMeshed.uasset" 321
"../../../../../../Users/h016882e/Documents/GitHub/TanksALot/Content/Maps/BlankMap_BuiltData.uasset" 322
"../../../Engine/Content/MapTemplates/SM_Template_Map_Floor.uasset" 323
"../../../../../../Users/h016882e/Documents/GitHub/TanksALot/Content/Maps/BlankMap.umap" 324
"../../../../../../Users/h016882e/Documents/GitHub/TanksALot/Content/Blueprints/PickUps/PowerUps/PowerUpShield.uasset" 325
"../../../../../../Users/h016882e/Documents/GitHub/TanksALot/Content/Blueprints/PickUps/I_PowerUpPickedUp.uasset" 326
"../../../../../../Users/h016882e/Documents/GitHub/TanksALot/Content/CustomAssets/Materials/Colours/M_Black.uasset" 327
"../../../../../../Users/h016882e/Documents/GitHub/TanksALot/Content/Blueprints/PickUps/Spawners/PickUpSpawnerBase.uasset" 328
"../../../../../../Users/h016882e/Documents/GitHub/TanksALot/Content/Blueprints/PickUps/PowerUpEnum.uasset" 329
"../../../../../../Users/h016882e/Documents/GitHub/TanksALot/Content/Blueprints/PickUps/Spawners/PowerUpSpawner_Child.uasset" 330
"../../../../../../Users/h016882e/Documents/GitHub/TanksALot/Content/Blueprints/PickUps/ProjectilePickUps/PickUpProjectile.uasset" 331
"../../../../../../Users/h016882e/Documents/GitHub/TanksALot/Content/Blueprints/PickUps/Spawners/ProjectileSpawner.uasset" 332
"../../../../../../Users/h016882e/Documents/GitHub/TanksALot/Content/CustomAssets/Materials/Blackhole/M_Blackhole.uasset" 333
"../../../../../../Users/h016882e/Documents/GitHub/TanksALot/Content/CustomAssets/Materials/Blackhole/M_Blackhole_Inst.uasset" 334
"../../../Engine/Content/EngineMeshes/Sphere.uasset" 335
"../../../../../../Users/h016882e/Documents/GitHub/TanksALot/Content/Blueprints/Tank/Projectiles/BP_BlackholeProjectile.uasset" 336
"../../../../../../Users/h016882e/Documents/GitHub/TanksALot/Content/CustomScripts/WorldObjects/LevelBoundariesVolume.uasset" 337
"../../../../../../Users/h016882e/Documents/GitHub/TanksALot/Content/Maps/CTF_Harbour_BuiltData.uasset" 338
"../../../../../../Users/h016882e/Documents/GitHub/TanksALot/Content/CustomAssets/Materials/Colours/M_Blue.uasset" 339
"../../../../../../Users/h016882e/Documents/GitHub/TanksALot/Content/CustomAssets/Materials/Colours/M_Grey.uasset" 340
"../../../../../../Users/h016882e/Documents/GitHub/TanksALot/Content/CustomAssets/Materials/Colours/M_TransparentBlue.uasset" 341
"../../../../../../Users/h016882e/Documents/GitHub/TanksALot/Content/Maps/CTF_Harbour.umap" 342
"../../../../../../Users/h016882e/Documents/GitHub/TanksALot/Content/Blueprints/Tank/Suspension.uasset" 343
"../../../../../../Users/h016882e/Documents/GitHub/TanksALot/Content/CustomAssets/Materials/Colours/M_White.uasset" 344
"../../../../../../Users/h016882e/Documents/GitHub/TanksALot/Content/Maps/DM_Town.umap" 345
"../../../../../../Users/h016882e/Documents/GitHub/TanksALot/Content/Maps/KOTH_Harbour.umap" 346
"../../../../../../Users/h016882e/Documents/GitHub/TanksALot/Content/Maps/KOTH_HighGround.umap" 347
"../../../../../../Users/h016882e/Documents/GitHub/TanksALot/Content/Maps/PL_SnakesVLadders.umap" 348
"../../../Engine/Content/EditorMeshes/Camera/SM_RailRig_Track.uasset" 349
"../../../../../../Users/h016882e/Documents/GitHub/TanksALot/Content/Maps/PL_Town.umap" 350
"../../../../../../Users/h016882e/Documents/GitHub/TanksALot/Content/Maps/TDM_Crossfire.umap" 351
"../../../../../../Users/h016882e/Documents/GitHub/TanksALot/Content/CustomScripts/Interfaces/I_Lobby.uasset" 352
"../../../../../../Users/h016882e/Documents/GitHub/TanksALot/Content/CustomAssets/Meshes/StaticMeshes/Vehicles/Tanks/Tank_Abrams/SM_Tank_Abrams_Chassis.uasset" 353
"../../../../../../Users/h016882e/Documents/GitHub/TanksALot/Content/Blueprints/Tank/BP_LobbyTank.uasset" 354
"../../../../../../Users/h016882e/Documents/GitHub/TanksALot/Content/CustomScripts/Controllers/MenuController.uasset" 355
"../../../../../../Users/h016882e/Documents/GitHub/TanksALot/Content/CustomScripts/UI/Player_Info.uasset" 356
"../../../../../../Users/h016882e/Documents/GitHub/TanksALot/Content/CustomAssets/Widgets/W_Main.uasset" 357
"../../../../../../Users/h016882e/Documents/GitHub/TanksALot/Content/Blueprints/GameModes/GM_Menu.uasset" 358
"../../../../../../Users/h016882e/Documents/GitHub/TanksALot/Content/Maps/Menus/LobbyLevel_BuiltData.uasset" 359
"../../../../../../Users/h016882e/Documents/GitHub/TanksALot/Content/CustomAssets/Textures/Train/T_Train_D.uasset" 360
"../../../../../../Users/h016882e/Documents/GitHub/TanksALot/Content/CustomAssets/Materials/Vehicles/Train/M_Train.uasset" 361
"../../../../../../Users/h016882e/Documents/GitHub/TanksALot/Content/CustomAssets/Textures/TrainStation/T_TrainStation_Mat.uasset" 362
"../../../../../../Users/h016882e/Documents/GitHub/TanksALot/Content/CustomAssets/Materials/Surfaces/Plastic/MI_Plastic_01.uasset" 363
"../../../../../../Users/h016882e/Documents/GitHub/TanksALot/Content/CustomAssets/Textures/Train/T_Train_Car_D_00.uasset" 364
"../../../../../../Users/h016882e/Documents/GitHub/TanksALot/Content/CustomAssets/Materials/Vehicles/Train/MI_Train_Car_00.uasset" 365
"../../../../../../Users/h016882e/Documents/GitHub/TanksALot/Content/CustomAssets/Textures/Train/T_Train_Car_D_01.uasset" 366
"../../../../../../Users/h016882e/Documents/GitHub/TanksALot/Content/CustomAssets/Materials/Vehicles/Train/MI_Train_Car_01.uasset" 367
"../../../../../../Users/h016882e/Documents/GitHub/TanksALot/Content/CustomAssets/Meshes/StaticMeshes/Environment/Background/Table/SM_Table_Top.uasset" 368
"../../../../../../Users/h016882e/Documents/GitHub/TanksALot/Content/CustomAssets/Materials/PoliceStation/M_PoliceStation_White_01.uasset" 369
"../../../../../../Users/h016882e/Documents/GitHub/TanksALot/Content/CustomAssets/Meshes/StaticMeshes/Environment/Buildings/PoliceStation/SM_Station_Police_Chair.uasset" 370
"../../../../../../Users/h016882e/Documents/GitHub/TanksALot/Content/CustomAssets/Meshes/StaticMeshes/Environment/Toys/RubiksCube/SM_RubiksCube_00.uasset" 371
"../../../../../../Users/h016882e/Documents/GitHub/TanksALot/Content/CustomAssets/Meshes/StaticMeshes/Environment/Toys/TrainTracks/SM_Track_Spline.uasset" 372
"../../../../../../Users/h016882e/Documents/GitHub/TanksALot/Content/CustomAssets/Meshes/StaticMeshes/Vehicles/Train/SM_Train_Car_00.uasset" 373
"../../../../../../Users/h016882e/Documents/GitHub/TanksALot/Content/CustomAssets/Meshes/StaticMeshes/Vehicles/Train/SM_Train_Car_01.uasset" 374
"../../../../../../Users/h016882e/Documents/GitHub/TanksALot/Content/CustomAssets/Meshes/StaticMeshes/Vehicles/Train/SM_Train_Cockpit.uasset" 375
"../../../../../../Users/h016882e/Documents/GitHub/TanksALot/Content/Maps/Menus/LobbyLevel.umap" 376
"../../../../../../Users/h016882e/Documents/GitHub/TanksALot/Content/Maps/Menus/MainMenu.umap" 377
"../../../../../../Users/h016882e/Documents/GitHub/TanksALot/Content/CustomAssets/Widgets/W_Title.uasset" 378
"../../../../../../Users/h016882e/Documents/GitHub/TanksALot/Content/CustomScripts/Controllers/TitleController.uasset" 379
"../../../../../../Users/h016882e/Documents/GitHub/TanksALot/Content/Blueprints/GameModes/GM_Title.uasset" 380
"../../../../../../Users/h016882e/Documents/GitHub/TanksALot/Content/Maps/Menus/TitleLevel.umap" 381
"../../../../../../Users/h016882e/Documents/GitHub/TanksALot/Content/Levels/BlockTown_BuiltData.uasset" 382
"../../../Engine/Content/BasicShapes/Plane.uasset" 383
"../../../../../../Users/h016882e/Documents/GitHub/TanksALot/Content/Levels/BlockTown.umap" 384
"../../../../../../Users/h016882e/Documents/GitHub/TanksALot/Content/Blueprints/GameModes/TanksALotGameStateBase.uasset" 385
"../../../../../../Users/h016882e/Documents/GitHub/TanksALot/Content/Blueprints/GameModes/CaptureTheFlagGameState.uasset" 386
"../../../../../../Users/h016882e/Documents/GitHub/TanksALot/Content/CustomScripts/UI/CTF_UI.uasset" 387
"../../../../../../Users/h016882e/Documents/GitHub/TanksALot/Content/Blueprints/GameModes/CaptureTheFlagGameMode.uasset" 388
"../../../../../../Users/h016882e/Documents/GitHub/TanksALot/Content/CustomAssets/Meshes/StaticMeshes/Environment/World/SM_Fountain_LP.uasset" 389
"../../../../../../Users/h016882e/Documents/GitHub/TanksALot/Content/Levels/Harbour.umap" 390
"../../../../../../Users/h016882e/Documents/GitHub/TanksALot/Content/Blueprints/PickUps/PowerUps/PowerUpSplitShot.uasset" 391
"../../../../../../Users/h016882e/Documents/GitHub/TanksALot/Content/Blueprints/Tank/Projectiles/BP_ProjectileBouncy.uasset" 392
"../../../../../../Users/h016882e/Documents/GitHub/TanksALot/Content/Blueprints/Tank/Projectiles/BP_ProjectileMine.uasset" 393
"../../../../../../Users/h016882e/Documents/GitHub/TanksALot/Content/Levels/Sandbox_BuiltData.uasset" 394
"../../../../../../Users/h016882e/Documents/GitHub/TanksALot/Content/CustomAssets/Textures/Sand/T_Sand.uasset" 395
"../../../../../../Users/h016882e/Documents/GitHub/TanksALot/Content/CustomAssets/Textures/Sand/T_Sand_Normal.uasset" 396
"../../../../../../Users/h016882e/Documents/GitHub/TanksALot/Content/CustomAssets/Materials/Surfaces/Sand/M_Sand.uasset" 397
"../../../../../../Users/h016882e/Documents/GitHub/TanksALot/Content/CustomAssets/Textures/Wood/T_WoodFloor.uasset" 398
"../../../../../../Users/h016882e/Documents/GitHub/TanksALot/Content/CustomAssets/Textures/Wood/T_WoodFloor_Normal.uasset" 399
"../../../../../../Users/h016882e/Documents/GitHub/TanksALot/Content/CustomAssets/Materials/Surfaces/Wood/M_WoodFloor_Temp.uasset" 400
"../../../../../../Users/h016882e/Documents/GitHub/TanksALot/Content/CustomAssets/Materials/Crayon/M_Crayon_Green.uasset" 401
"../../../../../../Users/h016882e/Documents/GitHub/TanksALot/Content/CustomAssets/Materials/Crayon/M_Crayon_Red.uasset" 402
"../../../../../../Users/h016882e/Documents/GitHub/TanksALot/Content/CustomAssets/Materials/Crayon/M_Crayon_White.uasset" 403
"../../../../../../Users/h016882e/Documents/GitHub/TanksALot/Content/CustomAssets/Materials/Crayon/M_CrayonWrap_White.uasset" 404
"../../../../../../Users/h016882e/Documents/GitHub/TanksALot/Content/CustomAssets/Materials/Crayon/M_CrayonWrap_Green.uasset" 405
"../../../../../../Users/h016882e/Documents/GitHub/TanksALot/Content/CustomAssets/Materials/Crayon/M_CrayonWrap_Red.uasset" 406
"../../../../../../Users/h016882e/Documents/GitHub/TanksALot/Content/Levels/Sandbox.umap" 407
"../../../Engine/Content/Maps/Entry_BuiltData.uasset" 408
"../../../Engine/Content/Maps/Entry.umap" 409
