"../../../Engine/Content/EditorBlueprintResources/StandardMacros.uasset" 0
"../../../../../../Users/r016339g/Documents/GitHub/TanksALot/Content/CustomScripts/Structs/PlayerInfo.uasset" 1
"../../../../../../Users/r016339g/Documents/GitHub/TanksALot/Content/Blueprints/Tank/I_CharacterInterface.uasset" 2
"../../../../../../Users/r016339g/Documents/GitHub/TanksALot/Content/Blueprints/Tank/Projectiles/M_SimpleProjectile.uasset" 3
"../../../Engine/Content/Functions/Engine_MaterialFunctions01/Opacity/CameraDepthFade.uasset" 4
"../../../Engine/Content/EngineMaterials/T_Default_Material_Grid_M.uasset" 5
"../../../Engine/Content/EngineMaterials/T_Default_Material_Grid_N.uasset" 6
"../../../Engine/Content/EngineMaterials/WorldGridMaterial.uasset" 7
"../../../Engine/Content/BasicShapes/Cube.uasset" 8
"../../../../../../Users/r016339g/Documents/GitHub/TanksALot/Content/Blueprints/Tank/Projectiles/BP_SimpleProjectile.uasset" 9
"../../../Engine/Content/BasicShapes/BasicShapeMaterial.uasset" 10
"../../../Engine/Content/EngineMaterials/DefaultMaterial.uasset" 11
"../../../Engine/Content/BasicShapes/Cylinder.uasset" 12
"../../../../../../Users/r016339g/Documents/GitHub/TanksALot/Content/CustomAssets/Materials/Vehicles/Tanks/Tank_Abrams/M_Tank_Abrams_Base.uasset" 13
"../../../../../../Users/r016339g/Documents/GitHub/TanksALot/Content/CustomAssets/Materials/Vehicles/Tanks/Tank_Abrams/M_Tank_Abrams_Trim.uasset" 14
"../../../../../../Users/r016339g/Documents/GitHub/TanksALot/Content/CustomAssets/Meshes/StaticMeshes/Vehicles/Tanks/Tank_Abrams/SM_Tank_Abrams_Gun.uasset" 15
"../../../../../../Users/r016339g/Documents/GitHub/TanksALot/Content/CustomAssets/Materials/Vehicles/Tanks/Tank_Abrams/M_Tank_Abrams_Highlight.uasset" 16
"../../../../../../Users/r016339g/Documents/GitHub/TanksALot/Content/CustomAssets/Meshes/StaticMeshes/Vehicles/Tanks/Tank_Abrams/SM_Tank_Abrams_Turret.uasset" 17
"../../../../../../Users/r016339g/Documents/GitHub/TanksALot/Content/Blueprints/Tank/BP_Tank_Scaled.uasset" 18
"../../../../../../Users/r016339g/Documents/GitHub/TanksALot/Content/Blueprints/Tank/HurtBox.uasset" 19
"../../../Engine/Content/EngineDamageTypes/DmgTypeBP_Environmental.uasset" 20
"../../../../../../Users/r016339g/Documents/GitHub/TanksALot/Content/CustomScripts/Structs/GamemodeInfo.uasset" 21
"../../../../../../Users/r016339g/Documents/GitHub/TanksALot/Content/CustomScripts/Interfaces/I_Gamemode.uasset" 22
"../../../../../../Users/r016339g/Documents/GitHub/TanksALot/Content/Blueprints/Tank/PlayerController/PC_TankController.uasset" 23
"../../../../../../Users/r016339g/Documents/GitHub/TanksALot/Content/CustomScripts/Interfaces/I_Score.uasset" 24
"../../../../../../Users/r016339g/Documents/GitHub/TanksALot/Content/Blueprints/CaptureTheFlagBPs/CaptureArea.uasset" 25
"../../../../../../Users/r016339g/Documents/GitHub/TanksALot/Content/Blueprints/CaptureTheFlagBPs/FlagSpawner.uasset" 26
"../../../../../../Users/r016339g/Documents/GitHub/TanksALot/Content/CustomScripts/Interfaces/I_Message.uasset" 27
"../../../../../../Users/r016339g/Documents/GitHub/TanksALot/Content/Blueprints/CaptureTheFlagBPs/Flag.uasset" 28
"../../../../../../Users/r016339g/Documents/GitHub/TanksALot/Content/Blueprints/PowerUps/PowerUpEnum.uasset" 29
"../../../../../../Users/r016339g/Documents/GitHub/TanksALot/Content/Blueprints/PowerUps/I_PowerUpPickedUp.uasset" 30
"../../../../../../Users/r016339g/Documents/GitHub/TanksALot/Content/Blueprints/Tank/BP_Tank.uasset" 31
"../../../../../../Users/r016339g/Documents/GitHub/TanksALot/Content/Blueprints/Tank/Test.uasset" 32
"../../../../../../Users/r016339g/Documents/GitHub/TanksALot/Content/CustomAssets/Textures/Can/T_Coke_D.uasset" 33
"../../../../../../Users/r016339g/Documents/GitHub/TanksALot/Content/CustomAssets/Materials/Can/M_Can.uasset" 34
"../../../../../../Users/r016339g/Documents/GitHub/TanksALot/Content/CustomAssets/Textures/Crayon/T_Crayon_D.uasset" 35
"../../../../../../Users/r016339g/Documents/GitHub/TanksALot/Content/CustomAssets/Materials/Crayon/M_Crayon_0.uasset" 36
"../../../../../../Users/r016339g/Documents/GitHub/TanksALot/Content/CustomAssets/Materials/Crayon/MI_Crayon.uasset" 37
"../../../../../../Users/r016339g/Documents/GitHub/TanksALot/Content/CustomAssets/Materials/Crayon/M_Crayon_01.uasset" 38
"../../../../../../Users/r016339g/Documents/GitHub/TanksALot/Content/CustomAssets/Materials/Crayon/M_Crayon_02.uasset" 39
"../../../../../../Users/r016339g/Documents/GitHub/TanksALot/Content/CustomAssets/Materials/Surfaces/Metal/M_Metal.uasset" 40
"../../../../../../Users/r016339g/Documents/GitHub/TanksALot/Content/CustomAssets/Materials/Surfaces/Plastic/M_Plastic.uasset" 41
"../../../../../../Users/r016339g/Documents/GitHub/TanksALot/Content/CustomAssets/Materials/Surfaces/Plastic/MI_Plastic_0.uasset" 42
"../../../../../../Users/r016339g/Documents/GitHub/TanksALot/Content/CustomAssets/Materials/Surfaces/Plastic/MI_Plastic_01.uasset" 43
"../../../../../../Users/r016339g/Documents/GitHub/TanksALot/Content/CustomAssets/Textures/Wood/T_Wood_D.uasset" 44
"../../../../../../Users/r016339g/Documents/GitHub/TanksALot/Content/CustomAssets/Textures/Wood/T_Wood_R.uasset" 45
"../../../../../../Users/r016339g/Documents/GitHub/TanksALot/Content/CustomAssets/Materials/Surfaces/Wood/M_Wood_0.uasset" 46
"../../../../../../Users/r016339g/Documents/GitHub/TanksALot/Content/CustomAssets/Materials/Surfaces/Wood/M_Wood_01.uasset" 47
"../../../../../../Users/r016339g/Documents/GitHub/TanksALot/Content/CustomAssets/Textures/Train/T_Train_D.uasset" 48
"../../../../../../Users/r016339g/Documents/GitHub/TanksALot/Content/CustomAssets/Materials/Vehicles/Train/M_Train.uasset" 49
"../../../../../../Users/r016339g/Documents/GitHub/TanksALot/Content/CustomAssets/Textures/Train/T_Train_Car_D_00.uasset" 50
"../../../../../../Users/r016339g/Documents/GitHub/TanksALot/Content/CustomAssets/Materials/Vehicles/Train/MI_Train_Car_00.uasset" 51
"../../../../../../Users/r016339g/Documents/GitHub/TanksALot/Content/CustomAssets/Textures/Train/T_Train_Car_D_01.uasset" 52
"../../../../../../Users/r016339g/Documents/GitHub/TanksALot/Content/CustomAssets/Materials/Vehicles/Train/MI_Train_Car_01.uasset" 53
"../../../../../../Users/r016339g/Documents/GitHub/TanksALot/Content/CustomAssets/Textures/TrainStation/T_TrainStation_d.uasset" 54
"../../../../../../Users/r016339g/Documents/GitHub/TanksALot/Content/CustomAssets/Materials/Vehicles/Train/M_Train_Station.uasset" 55
"../../../../../../Users/r016339g/Documents/GitHub/TanksALot/Content/CustomAssets/Meshes/SkeletalMeshes/Vehicles/Tanks/Tank_Abrams/SK_Abrams.uasset" 56
"../../../../../../Users/r016339g/Documents/GitHub/TanksALot/Content/CustomAssets/Meshes/SkeletalMeshes/Vehicles/Tanks/Tank_Abrams/SK_Abrams_Skeleton.uasset" 57
"../../../../../../Users/r016339g/Documents/GitHub/TanksALot/Content/CustomAssets/Meshes/StaticMeshes/Environment/Background/Table/SM_Table_Top.uasset" 58
"../../../../../../Users/r016339g/Documents/GitHub/TanksALot/Content/CustomAssets/Materials/PoliceStation/M_PoliceStation_Blue.uasset" 59
"../../../../../../Users/r016339g/Documents/GitHub/TanksALot/Content/CustomAssets/Materials/PoliceStation/M_PoliceStation_Grey.uasset" 60
"../../../../../../Users/r016339g/Documents/GitHub/TanksALot/Content/CustomAssets/Materials/PoliceStation/M_PoliceStation_Peach.uasset" 61
"../../../../../../Users/r016339g/Documents/GitHub/TanksALot/Content/CustomAssets/Meshes/StaticMeshes/Environment/Buildings/PoliceStation/SM_Station_Police.uasset" 62
"../../../../../../Users/r016339g/Documents/GitHub/TanksALot/Content/CustomAssets/Meshes/StaticMeshes/Environment/Buildings/TrainStation/SM_Station_Train.uasset" 63
"../../../../../../Users/r016339g/Documents/GitHub/TanksALot/Content/CustomAssets/Meshes/StaticMeshes/Environment/Cans/SM_Can_Coke.uasset" 64
"../../../../../../Users/r016339g/Documents/GitHub/TanksALot/Content/CustomAssets/Meshes/StaticMeshes/Environment/Toys/Blocks/SM_Block_00.uasset" 65
"../../../../../../Users/r016339g/Documents/GitHub/TanksALot/Content/CustomAssets/Meshes/StaticMeshes/Environment/Toys/Blocks/SM_Block_01.uasset" 66
"../../../../../../Users/r016339g/Documents/GitHub/TanksALot/Content/CustomAssets/Meshes/StaticMeshes/Environment/Toys/Blocks/SM_Block_02.uasset" 67
"../../../../../../Users/r016339g/Documents/GitHub/TanksALot/Content/CustomAssets/Meshes/StaticMeshes/Environment/Toys/Blocks/SM_Block_Bridge.uasset" 68
"../../../../../../Users/r016339g/Documents/GitHub/TanksALot/Content/CustomAssets/Meshes/StaticMeshes/Environment/Toys/Blocks/SM_Block_Cylinder.uasset" 69
"../../../../../../Users/r016339g/Documents/GitHub/TanksALot/Content/CustomAssets/Meshes/StaticMeshes/Environment/Toys/Blocks/SM_Block_Round.uasset" 70
"../../../../../../Users/r016339g/Documents/GitHub/TanksALot/Content/CustomAssets/Meshes/StaticMeshes/Environment/Toys/Blocks/SM_Block_Tri_00.uasset" 71
"../../../../../../Users/r016339g/Documents/GitHub/TanksALot/Content/CustomAssets/Meshes/StaticMeshes/Environment/Toys/Blocks/SM_Block_Tri_01.uasset" 72
"../../../../../../Users/r016339g/Documents/GitHub/TanksALot/Content/CustomAssets/Meshes/StaticMeshes/Environment/Toys/Blocks/SM_Block_Wedge.uasset" 73
"../../../../../../Users/r016339g/Documents/GitHub/TanksALot/Content/CustomAssets/Meshes/StaticMeshes/Environment/Toys/Crayons/SM_Crayon.uasset" 74
"../../../../../../Users/r016339g/Documents/GitHub/TanksALot/Content/CustomAssets/Meshes/StaticMeshes/Environment/Toys/Lego/SM_Lego_4x2.uasset" 75
"../../../../../../Users/r016339g/Documents/GitHub/TanksALot/Content/CustomAssets/Meshes/StaticMeshes/Environment/Toys/RubiksCube/SM_RubiksCube_00.uasset" 76
"../../../../../../Users/r016339g/Documents/GitHub/TanksALot/Content/CustomAssets/Meshes/StaticMeshes/Environment/Toys/RubiksCube/SM_RubiksCube_01.uasset" 77
"../../../../../../Users/r016339g/Documents/GitHub/TanksALot/Content/CustomAssets/Meshes/StaticMeshes/Environment/Toys/TrainTracks/SM_Track.uasset" 78
"../../../../../../Users/r016339g/Documents/GitHub/TanksALot/Content/CustomAssets/Meshes/StaticMeshes/Environment/Toys/TrainTracks/SM_Track_Bridge.uasset" 79
"../../../../../../Users/r016339g/Documents/GitHub/TanksALot/Content/CustomAssets/Meshes/StaticMeshes/Environment/Toys/TrainTracks/SM_Track_Turn.uasset" 80
"../../../../../../Users/r016339g/Documents/GitHub/TanksALot/Content/CustomAssets/Meshes/StaticMeshes/Gameplay/Flags/SM_Flag.uasset" 81
"../../../../../../Users/r016339g/Documents/GitHub/TanksALot/Content/CustomAssets/Meshes/StaticMeshes/Test/TestBox.uasset" 82
"../../../../../../Users/r016339g/Documents/GitHub/TanksALot/Content/CustomAssets/Materials/Colours/M_Red.uasset" 83
"../../../../../../Users/r016339g/Documents/GitHub/TanksALot/Content/CustomAssets/Meshes/StaticMeshes/Vehicles/Tanks/Tank_Abrams/SM_Tank_Abrams_Chassis.uasset" 84
"../../../../../../Users/r016339g/Documents/GitHub/TanksALot/Content/CustomAssets/Meshes/StaticMeshes/Vehicles/Tanks/Tank_Panther/SM_Tank_Panther.uasset" 85
"../../../../../../Users/r016339g/Documents/GitHub/TanksALot/Content/CustomAssets/Meshes/StaticMeshes/Vehicles/Train/SM_Train_Car_00.uasset" 86
"../../../../../../Users/r016339g/Documents/GitHub/TanksALot/Content/CustomAssets/Meshes/StaticMeshes/Vehicles/Train/SM_Train_Car_01.uasset" 87
"../../../../../../Users/r016339g/Documents/GitHub/TanksALot/Content/CustomAssets/Meshes/StaticMeshes/Vehicles/Train/SM_Train_Cockpit.uasset" 88
"../../../../../../Users/r016339g/Documents/GitHub/TanksALot/Content/CustomAssets/PhysicsAssets/Vehicles/Tanks/Tank_Abrams/PA_Tank_Abrams.uasset" 89
"../../../../../../Users/r016339g/Documents/GitHub/TanksALot/Content/CustomScripts/Interfaces/I_Instance.uasset" 90
"../../../../../../Users/r016339g/Documents/GitHub/TanksALot/Content/CustomScripts/GI_Base.uasset" 91
"../../../../../../Users/r016339g/Documents/GitHub/TanksALot/Content/CustomScripts/LevelCamera.uasset" 92
"../../../../../../Users/r016339g/Documents/GitHub/TanksALot/Content/CustomScripts/LevelCameraMoveable.uasset" 93
"../../../../../../Users/r016339g/Documents/GitHub/TanksALot/Content/CustomScripts/Managers/CameraManager.uasset" 94
"../../../../../../Users/r016339g/Documents/GitHub/TanksALot/Content/CustomScripts/Controllers/CameraController.uasset" 95
"../../../Engine/Content/ArtTools/RenderToTexture/Meshes/S_1_Unit_Plane.uasset" 96
"../../../Engine/Content/BasicShapes/Cone.uasset" 97
"../../../Engine/Content/BasicShapes/Plane.uasset" 98
"../../../Engine/Content/EditorLandscapeResources/DataLayer.uasset" 99
"../../../Engine/Content/EditorMaterials/GizmoMaterial.uasset" 100
"../../../Engine/Content/EditorMaterials/MAT_Groups_Toggle.uasset" 101
"../../../Engine/Content/EditorMaterials/MAT_Groups_Visibility.uasset" 102
"../../../Engine/Content/EditorMaterials/PreviewShadowIndicator.uasset" 103
"../../../Engine/Content/EditorMaterials/PreviewShadowIndicatorMaterial.uasset" 104
"../../../Engine/Content/EditorMaterials/MatineeGroups/MAT_ColorTrack.uasset" 105
"../../../Engine/Content/EditorMaterials/MatineeGroups/MAT_Groups_Anim.uasset" 106
"../../../Engine/Content/EditorMaterials/MatineeGroups/MAT_Groups_AudioMaster.uasset" 107
"../../../Engine/Content/EditorMaterials/MatineeGroups/MAT_Groups_Director.uasset" 108
"../../../Engine/Content/EditorMaterials/MatineeGroups/MAT_Groups_Event.uasset" 109
"../../../Engine/Content/EditorMaterials/MatineeGroups/MAT_Groups_Fade.uasset" 110
"../../../Engine/Content/EditorMaterials/MatineeGroups/MAT_Groups_Float.uasset" 111
"../../../Engine/Content/EditorMaterials/MatineeGroups/MAT_Groups_Move.uasset" 112
"../../../Engine/Content/EditorMaterials/MatineeGroups/MAT_Groups_Slomo.uasset" 113
"../../../Engine/Content/EditorMaterials/MatineeGroups/MAT_Groups_Sound.uasset" 114
"../../../Engine/Content/EditorMaterials/MatineeGroups/MAT_Groups_Vector.uasset" 115
"../../../Engine/Content/EditorMaterials/ParticleSystems/PSysThumbnail_NoImage.uasset" 116
"../../../Engine/Content/EditorMaterials/ParticleSystems/PSysThumbnail_OOD.uasset" 117
"../../../Engine/Content/EditorMaterials/Camera/CineMat.uasset" 118
"../../../Engine/Content/EditorMaterials/Camera/MI_CineMat_Rig.uasset" 119
"../../../Engine/Content/EditorMeshes/Camera/SM_CraneRig_Arm.uasset" 120
"../../../Engine/Content/EditorMeshes/Camera/SM_CraneRig_Base.uasset" 121
"../../../Engine/Content/EditorMeshes/Camera/SM_CraneRig_Body.uasset" 122
"../../../Engine/Content/EditorMeshes/Camera/SM_CraneRig_Mount.uasset" 123
"../../../Engine/Content/EditorMeshes/Camera/SM_RailRig_Mount.uasset" 124
"../../../Engine/Content/EditorResources/BSPVertex.uasset" 125
"../../../Engine/Content/EditorResources/EmptyActor.uasset" 126
"../../../Engine/Content/EditorResources/S_Actor.uasset" 127
"../../../Engine/Content/EditorResources/S_Trigger.uasset" 128
"../../../Engine/Content/EditorResources/AudioIcons/S_AudioComponent_AutoActivate.uasset" 129
"../../../Engine/Content/EditorResources/LightIcons/S_LightError.uasset" 130
"../../../Engine/Content/EditorResources/SequenceRecorder/Countdown.uasset" 131
"../../../Engine/Content/EditorResources/SequenceRecorder/RecordingIndicator.uasset" 132
"../../../Engine/Content/EditorSounds/Notifications/CompileFailed.uasset" 133
"../../../Engine/Content/EditorSounds/Notifications/CompileFailed_Cue.uasset" 134
"../../../Engine/Content/EditorSounds/Notifications/CompileSuccess.uasset" 135
"../../../Engine/Content/EditorSounds/Notifications/CompileStart_Cue.uasset" 136
"../../../Engine/Content/EditorSounds/Notifications/CompileSuccess_Cue.uasset" 137
"../../../Engine/Content/EngineDebugMaterials/HeatmapGradient.uasset" 138
"../../../Engine/Content/EngineDebugMaterials/BoneWeightMaterial.uasset" 139
"../../../Engine/Content/EngineDebugMaterials/ClothMaterial.uasset" 140
"../../../Engine/Content/EngineDebugMaterials/ClothMaterial_WF.uasset" 141
"../../../Engine/Content/EngineDebugMaterials/DebugEditorMaterial.uasset" 142
"../../../Engine/Content/EngineDebugMaterials/DebugMeshMaterial.uasset" 143
"../../../Engine/Content/EngineDebugMaterials/GeomMaterial.uasset" 144
"../../../Engine/Content/EngineDebugMaterials/M_SimpleTranslucent.uasset" 145
"../../../Engine/Content/EngineFonts/Faces/RobotoBold.uasset" 146
"../../../Engine/Content/EngineFonts/Faces/RobotoBoldItalic.uasset" 147
"../../../Engine/Content/EngineFonts/Faces/RobotoItalic.uasset" 148
"../../../Engine/Content/EngineFonts/Faces/RobotoLight.uasset" 149
"../../../Engine/Content/EngineFonts/Faces/RobotoRegular.uasset" 150
"../../../Engine/Content/EngineFonts/Roboto.uasset" 151
"../../../Engine/Content/EngineFonts/Faces/RobotoTiny.uasset" 152
"../../../Engine/Content/EngineFonts/RobotoTiny.uasset" 153
"../../../Engine/Content/EngineMaterials/BaseFlattenDiffuseMap.uasset" 154
"../../../Engine/Content/EngineMaterials/BaseFlattenEmissiveMap.uasset" 155
"../../../Engine/Content/EngineMaterials/BaseFlattenGrayscaleMap.uasset" 156
"../../../Engine/Content/EngineMaterials/BaseFlattenNormalMap.uasset" 157
"../../../Engine/Content/EngineMaterials/BaseFlattenMaterial.uasset" 158
"../../../Engine/Content/EngineMaterials/DefaultBloomKernel.uasset" 159
"../../../Engine/Content/EngineMaterials/DefaultBokeh.uasset" 160
"../../../Engine/Content/EngineMaterials/DefaultDiffuse.uasset" 161
"../../../Engine/Content/EngineMaterials/DefaultDeferredDecalMaterial.uasset" 162
"../../../Engine/Content/EngineMaterials/DefaultLightFunctionMaterial.uasset" 163
"../../../Engine/Content/EngineMaterials/DefaultPhysicalMaterial.uasset" 164
"../../../Engine/Content/Functions/Engine_MaterialFunctions02/Utility/BreakOutFloat2Components.uasset" 165
"../../../Engine/Content/EngineMaterials/DefaultPostProcessMaterial.uasset" 166
"../../../Engine/Content/EngineFonts/RobotoDistanceField.uasset" 167
"../../../Engine/Content/EngineMaterials/DefaultTextMaterialOpaque.uasset" 168
"../../../Engine/Content/EngineMaterials/DefaultWhiteGrid.uasset" 169
"../../../Engine/Content/EngineMaterials/EditorBrushMaterial.uasset" 170
"../../../Engine/Content/EngineMaterials/Good64x64TilingNoiseHighFreq.uasset" 171
"../../../Engine/Content/EngineMaterials/MiniFont.uasset" 172
"../../../Engine/Content/EngineMaterials/InvalidLightmapSettings.uasset" 173
"../../../Engine/Content/EngineMaterials/M_InvalidLightmapSettings.uasset" 174
"../../../Engine/Content/Functions/Engine_MaterialFunctions02/WorldPositionOffset/CameraOffset.uasset" 175
"../../../Engine/Content/EngineMaterials/PhAT_JointLimitMaterial.uasset" 176
"../../../Engine/Content/EngineMaterials/PreintegratedSkinBRDF.uasset" 177
"../../../Engine/Content/EngineMaterials/RemoveSurfaceMaterial.uasset" 178
"../../../Engine/Content/EngineMaterials/WeightMapPlaceholderTexture.uasset" 179
"../../../Engine/Content/EngineResources/WhiteSquareTexture.uasset" 180
"../../../Engine/Content/EngineMaterials/Widget3DPassThrough.uasset" 181
"../../../Engine/Content/EngineMaterials/Widget3DPassThrough_Masked.uasset" 182
"../../../Engine/Content/EngineMaterials/Widget3DPassThrough_Opaque.uasset" 183
"../../../Engine/Content/EngineMaterials/Widget3DPassThrough_Masked_OneSided.uasset" 184
"../../../Engine/Content/EngineMaterials/Widget3DPassThrough_Opaque_OneSided.uasset" 185
"../../../Engine/Content/EngineMaterials/Widget3DPassThrough_Translucent.uasset" 186
"../../../Engine/Content/EngineMaterials/Widget3DPassThrough_Translucent_OneSided.uasset" 187
"../../../Engine/Content/EngineMeshes/Cylinder.uasset" 188
"../../../Engine/Content/EngineMeshes/Sphere.uasset" 189
"../../../Engine/Content/EngineResources/Black.uasset" 190
"../../../Engine/Content/EngineResources/DefaultTexture.uasset" 191
"../../../Engine/Content/EngineResources/DefaultTextureCube.uasset" 192
"../../../Engine/Content/EngineResources/DefaultVolumeTexture2D.uasset" 193
"../../../Engine/Content/EngineResources/DefaultVolumeTexture.uasset" 194
"../../../Engine/Content/EngineResources/GradientTexture0.uasset" 195
"../../../Engine/Content/EngineSounds/Master.uasset" 196
"../../../Engine/Content/Functions/Engine_MaterialFunctions01/Shading/ConvertFromDiffSpec.uasset" 197
"../../../Engine/Content/Functions/Engine_MaterialFunctions01/Shading/PowerToRoughness.uasset" 198
"../../../Engine/Content/Maps/Templates/Thumbnails/Default.uasset" 199
"../../../Engine/Content/Maps/Templates/Thumbnails/VR-Basic.uasset" 200
"../../../Engine/Content/MobileResources/T_MobileControls_texture.uasset" 201
"../../../Engine/Content/MobileResources/T_MobileMenu2.uasset" 202
"../../../Engine/Content/MobileResources/HUD/AnalogHat.uasset" 203
"../../../Engine/Content/MobileResources/HUD/VirtualJoystick_Background.uasset" 204
"../../../Engine/Content/MobileResources/HUD/VirtualJoystick_Thumb.uasset" 205
"../../../Engine/Content/MobileResources/HUD/DefaultVirtualJoysticks.uasset" 206
"../../../Engine/Content/MobileResources/HUD/LeftVirtualJoystickOnly.uasset" 207
"../../../Engine/Content/MobileResources/HUD/MobileHUDButton1_off.uasset" 208
"../../../Engine/Content/MobileResources/HUD/MobileHUDButton1_on.uasset" 209
"../../../Engine/Content/MobileResources/HUD/MobileHUDButton2_off.uasset" 210
"../../../Engine/Content/MobileResources/HUD/MobileHUDButton2_on.uasset" 211
"../../../Engine/Content/MobileResources/HUD/MobileHUDButton3.uasset" 212
"../../../Engine/Content/MobileResources/HUD/MobileHUDButtonFire.uasset" 213
"../../../Engine/Content/MobileResources/HUD/MobileHUDDirectionPad.uasset" 214
"../../../Engine/Content/MobileResources/HUD/MobileHUDDirectionPad2.uasset" 215
"../../../Engine/Content/MobileResources/HUD/MobileHUDDirectionPad3.uasset" 216
"../../../Engine/Content/MobileResources/HUD/MobileHUDDirectionStick.uasset" 217
"../../../Engine/Content/MobileResources/HUD/T_Castle_ThumbstickInner.uasset" 218
"../../../Engine/Content/MobileResources/HUD/T_Castle_ThumbstickOutter.uasset" 219
"../../../Engine/Content/Tutorial/ContentIntroCurve.uasset" 220
"../../../Engine/Content/VREditor/LaserPointer/VR_LaserPower_01.uasset" 221
"../../../Engine/Content/VREditor/TransformGizmo/TransformGizmoMaterial.uasset" 222
"../../../Engine/Content/VREditor/TransformGizmo/TranslucentTransformGizmoMaterial.uasset" 223
"../../../Engine/Content/VREditor/TransformGizmo/BoundingBoxCorner.uasset" 224
"../../../Engine/Content/VREditor/TransformGizmo/BoundingBoxEdge.uasset" 225
"../../../Engine/Content/VREditor/TransformGizmo/PlaneTranslationHandle.uasset" 226
"../../../Engine/Content/VREditor/TransformGizmo/Main.uasset" 227
"../../../Engine/Content/VREditor/TransformGizmo/Xray.uasset" 228
"../../../Engine/Content/VREditor/TransformGizmo/SM_Sequencer_Key.uasset" 229
"../../../Engine/Content/VREditor/TransformGizmo/SM_Sequencer_Node.uasset" 230
"../../Plugins/2D/Paper2D/Content/PlaceholderTextures/DummySpriteTexture.uasset" 231
"../../Plugins/2D/Paper2D/Content/DummySprite.uasset" 232
"../../Plugins/2D/Paper2D/Content/DefaultPaperTerrainMaterial.uasset" 233
"../../Plugins/2D/Paper2D/Content/DefaultSpriteMaterial.uasset" 234
"../../Plugins/2D/Paper2D/Content/MaskedUnlitSpriteMaterial.uasset" 235
"../../Plugins/2D/Paper2D/Content/OpaqueUnlitSpriteMaterial.uasset" 236
"../../Plugins/Runtime/Oculus/OculusVR/Content/Materials/PokeAHoleMaterial.uasset" 237
"../../Plugins/Runtime/Oculus/OculusVR/Content/Textures/GearVRController_AO.uasset" 238
"../../Plugins/Runtime/Oculus/OculusVR/Content/Textures/GearVRController_Color.uasset" 239
"../../Plugins/Runtime/Oculus/OculusVR/Content/Textures/GearVRController_Normal.uasset" 240
"../../Plugins/Runtime/Oculus/OculusVR/Content/Materials/GearVRControllerMaterial.uasset" 241
"../../Plugins/Runtime/Oculus/OculusVR/Content/Meshes/GearVrController.uasset" 242
"../../Plugins/Runtime/Oculus/OculusVR/Content/Textures/touchController_albedo.uasset" 243
"../../Plugins/Runtime/Oculus/OculusVR/Content/Textures/touchController_controlmap.uasset" 244
"../../Plugins/Runtime/Oculus/OculusVR/Content/Materials/touchController_mat.uasset" 245
"../../Plugins/Runtime/Oculus/OculusVR/Content/Meshes/LeftTouchController.uasset" 246
"../../Plugins/Runtime/Oculus/OculusVR/Content/Meshes/RiftHMD.uasset" 247
"../../Plugins/Runtime/Oculus/OculusVR/Content/Meshes/RightTouchController.uasset" 248
"../../../../../../Users/r016339g/Documents/GitHub/TanksALot/Content/CustomAssets/Materials/PoliceStation/M_PoliceStation_White.uasset" 249
"../../../../../../Users/r016339g/Documents/GitHub/TanksALot/Content/CustomAssets/Meshes/StaticMeshes/Vehicles/Tanks/Test/SM_Tank_LowPoly.uasset" 250
"../../../../../../Users/r016339g/Documents/GitHub/TanksALot/Content/Blueprints/Tank/BP_TankTempMeshed.uasset" 251
"../../../Engine/Content/EngineSky/C_Sky_Cloud_Color.uasset" 252
"../../../Engine/Content/EngineSky/C_Sky_Horizon_Color.uasset" 253
"../../../Engine/Content/EngineSky/C_Sky_Zenith_Color.uasset" 254
"../../../Engine/Content/EngineSky/T_Sky_Blue.uasset" 255
"../../../Engine/Content/EngineSky/T_Sky_Clouds_M.uasset" 256
"../../../Engine/Content/EngineSky/T_Sky_Stars.uasset" 257
"../../../Engine/Content/EngineSky/M_Sky_Panning_Clouds2.uasset" 258
"../../../Engine/Content/EngineSky/SM_SkySphere.uasset" 259
"../../../Engine/Content/EngineSky/BP_Sky_Sphere.uasset" 260
"../../../../../../Users/r016339g/Documents/GitHub/TanksALot/Content/Maps/BlankMap_BuiltData.uasset" 261
"../../../Engine/Content/MapTemplates/SM_Template_Map_Floor.uasset" 262
"../../../../../../Users/r016339g/Documents/GitHub/TanksALot/Content/Maps/BlankMap.umap" 263
"../../../../../../Users/r016339g/Documents/GitHub/TanksALot/Content/Blueprints/PlayerSpawnPoint.uasset" 264
"../../../../../../Users/r016339g/Documents/GitHub/TanksALot/Content/Blueprints/GameModes/TanksALotGameStateBase.uasset" 265
"../../../../../../Users/r016339g/Documents/GitHub/TanksALot/Content/Blueprints/GameModes/CaptureTheFlagGameState.uasset" 266
"../../../../../../Users/r016339g/Documents/GitHub/TanksALot/Content/CustomScripts/UI/ScoreInfoWidget.uasset" 267
"../../../../../../Users/r016339g/Documents/GitHub/TanksALot/Content/CustomScripts/UI/GameUI_HUD.uasset" 268
"../../../../../../Users/r016339g/Documents/GitHub/TanksALot/Content/CustomScripts/Managers/ScoreManager.uasset" 269
"../../../../../../Users/r016339g/Documents/GitHub/TanksALot/Content/Blueprints/GameModes/TanksALotGameModeBase.uasset" 270
"../../../../../../Users/r016339g/Documents/GitHub/TanksALot/Content/Blueprints/GameModes/CaptureTheFlagGameMode.uasset" 271
"../../../../../../Users/r016339g/Documents/GitHub/TanksALot/Content/CustomAssets/Materials/Colours/M_Black.uasset" 272
"../../../../../../Users/r016339g/Documents/GitHub/TanksALot/Content/CustomAssets/Materials/Colours/M_GlowingWhite.uasset" 273
"../../../Engine/Content/BasicShapes/Sphere.uasset" 274
"../../../../../../Users/r016339g/Documents/GitHub/TanksALot/Content/Blueprints/PowerUps/PowerUpSpawner.uasset" 275
"../../../../../../Users/r016339g/Documents/GitHub/TanksALot/Content/CustomScripts/WorldObjects/LevelBoundariesVolume.uasset" 276
"../../../../../../Users/r016339g/Documents/GitHub/TanksALot/Content/CustomAssets/Materials/Colours/M_Blue.uasset" 277
"../../../../../../Users/r016339g/Documents/GitHub/TanksALot/Content/CustomAssets/Materials/Colours/M_Grey.uasset" 278
"../../../../../../Users/r016339g/Documents/GitHub/TanksALot/Content/CustomAssets/Materials/Colours/M_TransparentBlue.uasset" 279
"../../../../../../Users/r016339g/Documents/GitHub/TanksALot/Content/Maps/CTF_Harbour.umap" 280
"../../../../../../Users/r016339g/Documents/GitHub/TanksALot/Content/CustomAssets/Materials/Colours/M_White.uasset" 281
"../../../../../../Users/r016339g/Documents/GitHub/TanksALot/Content/Maps/DM_Town.umap" 282
"../../../../../../Users/r016339g/Documents/GitHub/TanksALot/Content/Maps/KOTH_Harbour.umap" 283
"../../../../../../Users/r016339g/Documents/GitHub/TanksALot/Content/Maps/KOTH_HighGround.umap" 284
"../../../../../../Users/r016339g/Documents/GitHub/TanksALot/Content/Maps/PL_SnakesVLadders.umap" 285
"../../../Engine/Content/EditorMeshes/Camera/SM_RailRig_Track.uasset" 286
"../../../../../../Users/r016339g/Documents/GitHub/TanksALot/Content/Maps/PL_Town.umap" 287
"../../../../../../Users/r016339g/Documents/GitHub/TanksALot/Content/Maps/TDM_Crossfire.umap" 288
"../../../../../../Users/r016339g/Documents/GitHub/TanksALot/Content/CustomScripts/Interfaces/I_Lobby.uasset" 289
"../../../../../../Users/r016339g/Documents/GitHub/TanksALot/Content/CustomScripts/Controllers/MenuController.uasset" 290
"../../../../../../Users/r016339g/Documents/GitHub/TanksALot/Content/CustomAssets/Widgets/W_Main.uasset" 291
"../../../../../../Users/r016339g/Documents/GitHub/TanksALot/Content/Blueprints/GameModes/GM_Menu.uasset" 292
"../../../../../../Users/r016339g/Documents/GitHub/TanksALot/Content/Levels/MainMenu.umap" 293
"../../../Engine/Content/Maps/Entry_BuiltData.uasset" 294
"../../../Engine/Content/Maps/Entry.umap" 295
